<?xml version="1.0" encoding="UTF-8"?>
<!-- Generated by org.testng.reporters.JUnitReportReporter -->
<testsuite skipped="0" hostname="ATMECSINLT-085" name="com.atmecs.automate_konakart.testscripts.TestKonakartHome" tests="4" failures="0" timestamp="24 Oct 2019 18:51:26 GMT" time="61.158" errors="0">
  <testcase name="validateKonakart" time="13.820" classname="com.atmecs.automate_konakart.testscripts.TestKonakartHome"/>
  <testcase name="validateKonakart" time="28.275" classname="com.atmecs.automate_konakart.testscripts.TestKonakartHome"/>
  <testcase name="validateKonakart" time="9.175" classname="com.atmecs.automate_konakart.testscripts.TestKonakartHome"/>
  <testcase name="validateKonakart" time="9.888" classname="com.atmecs.automate_konakart.testscripts.TestKonakartHome"/>
</testsuite> <!-- com.atmecs.automate_konakart.testscripts.TestKonakartHome -->
