<?xml version="1.0" encoding="UTF-8"?>
<!-- Generated by org.testng.reporters.JUnitReportReporter -->
<testsuite skipped="0" hostname="ATMECSINLT-085" name="com.atmecs.website.testscripts.TestNGMethod" tests="1" failures="0" timestamp="24 Oct 2019 15:37:26 GMT" time="307.535" errors="0">
  <testcase name="xmlsuite" time="307.535" classname="com.atmecs.website.testscripts.TestNGMethod"/>
</testsuite> <!-- com.atmecs.website.testscripts.TestNGMethod -->
