<?xml version="1.0" encoding="UTF-8"?>
<!-- Generated by org.testng.reporters.JUnitReportReporter -->
<testsuite skipped="0" hostname="ATMECSINLT-085" name="com.atmecs.konakart_automate.testscripts.TestNGMethod" tests="1" failures="0" timestamp="24 Oct 2019 15:44:22 GMT" time="34.207" errors="0">
  <testcase name="xmlsuite" time="34.207" classname="com.atmecs.konakart_automate.testscripts.TestNGMethod"/>
</testsuite> <!-- com.atmecs.konakart_automate.testscripts.TestNGMethod -->
