<?xml version="1.0" encoding="UTF-8"?>
<!-- Generated by org.testng.reporters.JUnitReportReporter -->
<testsuite skipped="0" hostname="ATMECSINLT-085" name="com.atmecs.automate_konakart.testscripts.TestNGMethod" tests="1" failures="0" timestamp="24 Oct 2019 18:48:12 GMT" time="103.270" errors="0">
  <testcase name="xmlsuite" time="103.270" classname="com.atmecs.automate_konakart.testscripts.TestNGMethod"/>
</testsuite> <!-- com.atmecs.automate_konakart.testscripts.TestNGMethod -->
