<?xml version="1.0" encoding="UTF-8"?>
<!-- Generated by org.testng.reporters.JUnitReportReporter -->
<testsuite skipped="0" hostname="ATMECSINLT-085" name="com.atmecs.automate_konakart.testscripts.TestNGMethod" tests="1" failures="0" timestamp="24 Oct 2019 18:51:27 GMT" time="134.345" errors="0">
  <testcase name="xmlsuite" time="134.345" classname="com.atmecs.automate_konakart.testscripts.TestNGMethod"/>
</testsuite> <!-- com.atmecs.automate_konakart.testscripts.TestNGMethod -->
